2021-11-02 22:55:57.946 | INFO     | __main__:__init__:28 - Establishing connection to ['10.142.0.4'] - bdm19181716
2021-11-02 22:55:58.005 | INFO     | __main__:__init__:39 - Session connected
2021-11-02 22:55:58.026 | INFO     | __main__:run_tests_queries:157 - Running tests - 8373db94-8c65-4b4c-bf8f-be27c55893e9 - 10000 queries
2021-11-02 22:55:58.026 | INFO     | __main__:run_tests_queries:169 - Running query 0/10000
2021-11-02 22:56:01.118 | INFO     | __main__:run_tests_queries:169 - Running query 1000/10000
2021-11-02 22:56:03.913 | INFO     | __main__:run_tests_queries:169 - Running query 2000/10000
2021-11-02 22:56:06.640 | INFO     | __main__:run_tests_queries:169 - Running query 3000/10000
2021-11-02 22:56:09.432 | INFO     | __main__:run_tests_queries:169 - Running query 4000/10000
2021-11-02 22:56:11.950 | INFO     | __main__:run_tests_queries:169 - Running query 5000/10000
2021-11-02 22:56:14.542 | INFO     | __main__:run_tests_queries:169 - Running query 6000/10000
2021-11-02 22:56:17.120 | INFO     | __main__:run_tests_queries:169 - Running query 7000/10000
2021-11-02 22:56:19.644 | INFO     | __main__:run_tests_queries:169 - Running query 8000/10000
2021-11-02 22:56:22.014 | INFO     | __main__:run_tests_queries:169 - Running query 9000/10000
2021-11-02 22:56:24.420 | INFO     | __main__:run_tests_queries:191 - Test 8373db94-8c65-4b4c-bf8f-be27c55893e9 done in 26.39362406730652 seconds
2021-11-02 22:56:24.420 | INFO     | __main__:run_tests_queries:192 - Total of 10000 queries (0 null) each
2021-11-02 22:56:24.421 | INFO     | __main__:__exit__:217 - Connection closed
2021-11-02 22:57:01.493 | INFO     | __main__:__init__:28 - Establishing connection to ['10.142.0.4'] - bdm191817
2021-11-02 22:57:01.549 | INFO     | __main__:__init__:39 - Session connected
2021-11-02 22:57:01.570 | INFO     | __main__:run_tests_queries:157 - Running tests - 6cf766f7-25c3-427e-98d6-a028a45f6686 - 10000 queries
2021-11-02 22:57:01.570 | INFO     | __main__:run_tests_queries:169 - Running query 0/10000
2021-11-02 22:57:04.086 | INFO     | __main__:run_tests_queries:169 - Running query 1000/10000
2021-11-02 22:57:06.681 | INFO     | __main__:run_tests_queries:169 - Running query 2000/10000
2021-11-02 22:57:09.081 | INFO     | __main__:run_tests_queries:169 - Running query 3000/10000
2021-11-02 22:57:11.516 | INFO     | __main__:run_tests_queries:169 - Running query 4000/10000
2021-11-02 22:57:13.897 | INFO     | __main__:run_tests_queries:169 - Running query 5000/10000
2021-11-02 22:57:16.174 | INFO     | __main__:run_tests_queries:169 - Running query 6000/10000
2021-11-02 22:57:18.441 | INFO     | __main__:run_tests_queries:169 - Running query 7000/10000
2021-11-02 22:57:20.720 | INFO     | __main__:run_tests_queries:169 - Running query 8000/10000
2021-11-02 22:57:22.986 | INFO     | __main__:run_tests_queries:169 - Running query 9000/10000
2021-11-02 22:57:25.312 | INFO     | __main__:run_tests_queries:191 - Test 6cf766f7-25c3-427e-98d6-a028a45f6686 done in 23.742244720458984 seconds
2021-11-02 22:57:25.312 | INFO     | __main__:run_tests_queries:192 - Total of 10000 queries (0 null) each
2021-11-02 22:57:25.313 | INFO     | __main__:__exit__:217 - Connection closed
2021-11-02 22:57:45.278 | INFO     | __main__:__init__:28 - Establishing connection to ['10.142.0.4'] - bdm1918
2021-11-02 22:57:45.331 | INFO     | __main__:__init__:39 - Session connected
2021-11-02 22:57:45.351 | INFO     | __main__:run_tests_queries:157 - Running tests - 58e827ac-e288-4f55-9814-e183cee911f3 - 10000 queries
2021-11-02 22:57:45.352 | INFO     | __main__:run_tests_queries:169 - Running query 0/10000
2021-11-02 22:57:47.736 | INFO     | __main__:run_tests_queries:169 - Running query 1000/10000
2021-11-02 22:57:50.054 | INFO     | __main__:run_tests_queries:169 - Running query 2000/10000
2021-11-02 22:57:52.364 | INFO     | __main__:run_tests_queries:169 - Running query 3000/10000
2021-11-02 22:57:54.727 | INFO     | __main__:run_tests_queries:169 - Running query 4000/10000
2021-11-02 22:57:56.957 | INFO     | __main__:run_tests_queries:169 - Running query 5000/10000
2021-11-02 22:57:59.133 | INFO     | __main__:run_tests_queries:169 - Running query 6000/10000
2021-11-02 22:58:01.327 | INFO     | __main__:run_tests_queries:169 - Running query 7000/10000
2021-11-02 22:58:03.461 | INFO     | __main__:run_tests_queries:169 - Running query 8000/10000
2021-11-02 22:58:05.680 | INFO     | __main__:run_tests_queries:169 - Running query 9000/10000
2021-11-02 22:58:08.106 | INFO     | __main__:run_tests_queries:191 - Test 58e827ac-e288-4f55-9814-e183cee911f3 done in 22.754985570907593 seconds
2021-11-02 22:58:08.107 | INFO     | __main__:run_tests_queries:192 - Total of 10000 queries (0 null) each
2021-11-02 22:58:08.108 | INFO     | __main__:__exit__:217 - Connection closed
2021-11-02 22:58:25.951 | INFO     | __main__:__init__:28 - Establishing connection to ['10.142.0.4'] - bdm19
2021-11-02 22:58:26.008 | INFO     | __main__:__init__:39 - Session connected
2021-11-02 22:58:26.029 | INFO     | __main__:run_tests_queries:157 - Running tests - 061baed9-653c-44b2-9a53-5f469e28be6e - 10000 queries
2021-11-02 22:58:26.029 | INFO     | __main__:run_tests_queries:169 - Running query 0/10000
2021-11-02 22:58:28.312 | INFO     | __main__:run_tests_queries:169 - Running query 1000/10000
2021-11-02 22:58:30.549 | INFO     | __main__:run_tests_queries:169 - Running query 2000/10000
2021-11-02 22:58:32.889 | INFO     | __main__:run_tests_queries:169 - Running query 3000/10000
2021-11-02 22:58:35.162 | INFO     | __main__:run_tests_queries:169 - Running query 4000/10000
2021-11-02 22:58:37.317 | INFO     | __main__:run_tests_queries:169 - Running query 5000/10000
2021-11-02 22:58:39.566 | INFO     | __main__:run_tests_queries:169 - Running query 6000/10000
2021-11-02 22:58:41.748 | INFO     | __main__:run_tests_queries:169 - Running query 7000/10000
2021-11-02 22:58:43.943 | INFO     | __main__:run_tests_queries:169 - Running query 8000/10000
2021-11-02 22:58:46.200 | INFO     | __main__:run_tests_queries:169 - Running query 9000/10000
2021-11-02 22:58:48.357 | INFO     | __main__:run_tests_queries:191 - Test 061baed9-653c-44b2-9a53-5f469e28be6e done in 22.327683687210083 seconds
2021-11-02 22:58:48.357 | INFO     | __main__:run_tests_queries:192 - Total of 10000 queries (0 null) each
2021-11-02 22:58:48.358 | INFO     | __main__:__exit__:217 - Connection closed
