2021-11-03 00:15:41.915 | INFO     | __main__:__init__:28 - Establishing connection to ['10.142.0.4'] - bdm19181716
2021-11-03 00:15:41.967 | INFO     | __main__:__init__:39 - Session connected
2021-11-03 00:15:41.990 | INFO     | __main__:run_tests_queries:157 - Running tests - ecfa53e6-86c1-4eaa-8a6d-9bdbec4565d6 - 10000 queries
2021-11-03 00:15:41.990 | INFO     | __main__:run_tests_queries:169 - Running query 0/10000
2021-11-03 00:15:45.255 | INFO     | __main__:run_tests_queries:169 - Running query 1000/10000
2021-11-03 00:15:48.262 | INFO     | __main__:run_tests_queries:169 - Running query 2000/10000
2021-11-03 00:15:51.202 | INFO     | __main__:run_tests_queries:169 - Running query 3000/10000
2021-11-03 00:15:54.242 | INFO     | __main__:run_tests_queries:169 - Running query 4000/10000
2021-11-03 00:15:57.123 | INFO     | __main__:run_tests_queries:169 - Running query 5000/10000
2021-11-03 00:16:00.106 | INFO     | __main__:run_tests_queries:169 - Running query 6000/10000
2021-11-03 00:16:03.125 | INFO     | __main__:run_tests_queries:169 - Running query 7000/10000
2021-11-03 00:16:06.051 | INFO     | __main__:run_tests_queries:169 - Running query 8000/10000
2021-11-03 00:16:09.126 | INFO     | __main__:run_tests_queries:169 - Running query 9000/10000
2021-11-03 00:16:12.201 | INFO     | __main__:run_tests_queries:191 - Test ecfa53e6-86c1-4eaa-8a6d-9bdbec4565d6 done in 30.211004734039307 seconds
2021-11-03 00:16:12.201 | INFO     | __main__:run_tests_queries:192 - Total of 10000 queries (0 null) each
2021-11-03 00:16:12.202 | INFO     | __main__:__exit__:217 - Connection closed
2021-11-03 00:16:45.444 | INFO     | __main__:__init__:28 - Establishing connection to ['10.142.0.4'] - bdm191817
2021-11-03 00:16:45.504 | INFO     | __main__:__init__:39 - Session connected
2021-11-03 00:16:45.529 | INFO     | __main__:run_tests_queries:157 - Running tests - 28800781-8916-4909-96b2-95c9f3aebd84 - 10000 queries
2021-11-03 00:16:45.530 | INFO     | __main__:run_tests_queries:169 - Running query 0/10000
2021-11-03 00:16:48.441 | INFO     | __main__:run_tests_queries:169 - Running query 1000/10000
2021-11-03 00:16:51.318 | INFO     | __main__:run_tests_queries:169 - Running query 2000/10000
2021-11-03 00:16:54.236 | INFO     | __main__:run_tests_queries:169 - Running query 3000/10000
2021-11-03 00:16:57.008 | INFO     | __main__:run_tests_queries:169 - Running query 4000/10000
2021-11-03 00:16:59.801 | INFO     | __main__:run_tests_queries:169 - Running query 5000/10000
2021-11-03 00:17:02.643 | INFO     | __main__:run_tests_queries:169 - Running query 6000/10000
2021-11-03 00:17:05.499 | INFO     | __main__:run_tests_queries:169 - Running query 7000/10000
2021-11-03 00:17:08.561 | INFO     | __main__:run_tests_queries:169 - Running query 8000/10000
2021-11-03 00:17:11.388 | INFO     | __main__:run_tests_queries:169 - Running query 9000/10000
2021-11-03 00:17:14.032 | INFO     | __main__:run_tests_queries:191 - Test 28800781-8916-4909-96b2-95c9f3aebd84 done in 28.50279426574707 seconds
2021-11-03 00:17:14.032 | INFO     | __main__:run_tests_queries:192 - Total of 10000 queries (0 null) each
2021-11-03 00:17:14.033 | INFO     | __main__:__exit__:217 - Connection closed
2021-11-03 00:17:34.480 | INFO     | __main__:__init__:28 - Establishing connection to ['10.142.0.4'] - bdm1918
2021-11-03 00:17:34.535 | INFO     | __main__:__init__:39 - Session connected
2021-11-03 00:17:34.557 | INFO     | __main__:run_tests_queries:157 - Running tests - 24fd40c6-bbff-4ecb-9a31-cd5a05ba9f4a - 10000 queries
2021-11-03 00:17:34.557 | INFO     | __main__:run_tests_queries:169 - Running query 0/10000
2021-11-03 00:17:37.362 | INFO     | __main__:run_tests_queries:169 - Running query 1000/10000
2021-11-03 00:17:40.295 | INFO     | __main__:run_tests_queries:169 - Running query 2000/10000
2021-11-03 00:17:43.298 | INFO     | __main__:run_tests_queries:169 - Running query 3000/10000
2021-11-03 00:17:46.165 | INFO     | __main__:run_tests_queries:169 - Running query 4000/10000
2021-11-03 00:17:48.908 | INFO     | __main__:run_tests_queries:169 - Running query 5000/10000
2021-11-03 00:17:51.704 | INFO     | __main__:run_tests_queries:169 - Running query 6000/10000
2021-11-03 00:17:54.508 | INFO     | __main__:run_tests_queries:169 - Running query 7000/10000
2021-11-03 00:17:57.277 | INFO     | __main__:run_tests_queries:169 - Running query 8000/10000
2021-11-03 00:18:00.055 | INFO     | __main__:run_tests_queries:169 - Running query 9000/10000
2021-11-03 00:18:03.077 | INFO     | __main__:run_tests_queries:191 - Test 24fd40c6-bbff-4ecb-9a31-cd5a05ba9f4a done in 28.520012140274048 seconds
2021-11-03 00:18:03.077 | INFO     | __main__:run_tests_queries:192 - Total of 10000 queries (0 null) each
2021-11-03 00:18:03.078 | INFO     | __main__:__exit__:217 - Connection closed
2021-11-03 00:18:18.016 | INFO     | __main__:__init__:28 - Establishing connection to ['10.142.0.4'] - bdm19
2021-11-03 00:18:18.071 | INFO     | __main__:__init__:39 - Session connected
2021-11-03 00:18:18.093 | INFO     | __main__:run_tests_queries:157 - Running tests - e1fea622-49b5-4eed-9b38-2458f47dcca7 - 10000 queries
2021-11-03 00:18:18.093 | INFO     | __main__:run_tests_queries:169 - Running query 0/10000
2021-11-03 00:18:20.842 | INFO     | __main__:run_tests_queries:169 - Running query 1000/10000
2021-11-03 00:18:23.570 | INFO     | __main__:run_tests_queries:169 - Running query 2000/10000
2021-11-03 00:18:26.312 | INFO     | __main__:run_tests_queries:169 - Running query 3000/10000
2021-11-03 00:18:28.993 | INFO     | __main__:run_tests_queries:169 - Running query 4000/10000
2021-11-03 00:18:31.771 | INFO     | __main__:run_tests_queries:169 - Running query 5000/10000
2021-11-03 00:18:34.559 | INFO     | __main__:run_tests_queries:169 - Running query 6000/10000
2021-11-03 00:18:37.291 | INFO     | __main__:run_tests_queries:169 - Running query 7000/10000
2021-11-03 00:18:40.114 | INFO     | __main__:run_tests_queries:169 - Running query 8000/10000
2021-11-03 00:18:42.782 | INFO     | __main__:run_tests_queries:169 - Running query 9000/10000
2021-11-03 00:18:45.504 | INFO     | __main__:run_tests_queries:191 - Test e1fea622-49b5-4eed-9b38-2458f47dcca7 done in 27.411393642425537 seconds
2021-11-03 00:18:45.505 | INFO     | __main__:run_tests_queries:192 - Total of 10000 queries (0 null) each
2021-11-03 00:18:45.506 | INFO     | __main__:__exit__:217 - Connection closed
